12-Jun-2023 17:32:42.441 INFO [main] org.apache.catalina.startup.VersionLoggerListener.log Server version name:   Apache Tomcat/9.0.75
12-Jun-2023 17:32:42.460 INFO [main] org.apache.catalina.startup.VersionLoggerListener.log Server built:          May 4 2023 13:04:05 UTC
12-Jun-2023 17:32:42.463 INFO [main] org.apache.catalina.startup.VersionLoggerListener.log Server version number: 9.0.75.0
12-Jun-2023 17:32:42.463 INFO [main] org.apache.catalina.startup.VersionLoggerListener.log OS Name:               Linux
12-Jun-2023 17:32:42.463 INFO [main] org.apache.catalina.startup.VersionLoggerListener.log OS Version:            5.15.0-73-generic
12-Jun-2023 17:32:42.465 INFO [main] org.apache.catalina.startup.VersionLoggerListener.log Architecture:          amd64
12-Jun-2023 17:32:42.465 INFO [main] org.apache.catalina.startup.VersionLoggerListener.log Java Home:             /usr/lib/jvm/java-11-openjdk-amd64
12-Jun-2023 17:32:42.465 INFO [main] org.apache.catalina.startup.VersionLoggerListener.log JVM Version:           11.0.19+7-post-Ubuntu-0ubuntu120.04.1
12-Jun-2023 17:32:42.465 INFO [main] org.apache.catalina.startup.VersionLoggerListener.log JVM Vendor:            Ubuntu
12-Jun-2023 17:32:42.466 INFO [main] org.apache.catalina.startup.VersionLoggerListener.log CATALINA_BASE:         /home/anbvhe150476/NetBeansProjects/DBS401Web/other/apache-tomcat-9.0.75
12-Jun-2023 17:32:42.466 INFO [main] org.apache.catalina.startup.VersionLoggerListener.log CATALINA_HOME:         /home/anbvhe150476/NetBeansProjects/DBS401Web/other/apache-tomcat-9.0.75
12-Jun-2023 17:32:42.538 INFO [main] org.apache.catalina.startup.VersionLoggerListener.log Command line argument: --add-opens=java.base/java.lang=ALL-UNNAMED
12-Jun-2023 17:32:42.539 INFO [main] org.apache.catalina.startup.VersionLoggerListener.log Command line argument: --add-opens=java.base/java.io=ALL-UNNAMED
12-Jun-2023 17:32:42.539 INFO [main] org.apache.catalina.startup.VersionLoggerListener.log Command line argument: --add-opens=java.base/java.util=ALL-UNNAMED
12-Jun-2023 17:32:42.539 INFO [main] org.apache.catalina.startup.VersionLoggerListener.log Command line argument: --add-opens=java.base/java.util.concurrent=ALL-UNNAMED
12-Jun-2023 17:32:42.539 INFO [main] org.apache.catalina.startup.VersionLoggerListener.log Command line argument: --add-opens=java.rmi/sun.rmi.transport=ALL-UNNAMED
12-Jun-2023 17:32:42.539 INFO [main] org.apache.catalina.startup.VersionLoggerListener.log Command line argument: -Djava.util.logging.config.file=/home/anbvhe150476/NetBeansProjects/DBS401Web/other/apache-tomcat-9.0.75/conf/logging.properties
12-Jun-2023 17:32:42.539 INFO [main] org.apache.catalina.startup.VersionLoggerListener.log Command line argument: -Djava.util.logging.manager=org.apache.juli.ClassLoaderLogManager
12-Jun-2023 17:32:42.539 INFO [main] org.apache.catalina.startup.VersionLoggerListener.log Command line argument: -Dhttp.nonProxyHosts=localhost|127.0.0.1|anbvhe150476
12-Jun-2023 17:32:42.539 INFO [main] org.apache.catalina.startup.VersionLoggerListener.log Command line argument: -Djdk.tls.ephemeralDHKeySize=2048
12-Jun-2023 17:32:42.541 INFO [main] org.apache.catalina.startup.VersionLoggerListener.log Command line argument: -Djava.protocol.handler.pkgs=org.apache.catalina.webresources
12-Jun-2023 17:32:42.542 INFO [main] org.apache.catalina.startup.VersionLoggerListener.log Command line argument: -Dorg.apache.catalina.security.SecurityListener.UMASK=0027
12-Jun-2023 17:32:42.543 INFO [main] org.apache.catalina.startup.VersionLoggerListener.log Command line argument: -Dignore.endorsed.dirs=
12-Jun-2023 17:32:42.543 INFO [main] org.apache.catalina.startup.VersionLoggerListener.log Command line argument: -Dcatalina.base=/home/anbvhe150476/NetBeansProjects/DBS401Web/other/apache-tomcat-9.0.75
12-Jun-2023 17:32:42.543 INFO [main] org.apache.catalina.startup.VersionLoggerListener.log Command line argument: -Dcatalina.home=/home/anbvhe150476/NetBeansProjects/DBS401Web/other/apache-tomcat-9.0.75
12-Jun-2023 17:32:42.544 INFO [main] org.apache.catalina.startup.VersionLoggerListener.log Command line argument: -Djava.io.tmpdir=/home/anbvhe150476/NetBeansProjects/DBS401Web/other/apache-tomcat-9.0.75/temp
12-Jun-2023 17:32:42.578 INFO [main] org.apache.catalina.core.AprLifecycleListener.lifecycleEvent An older version [1.2.23] of the Apache Tomcat Native library is installed, while Tomcat recommends a minimum version of [1.2.30]
12-Jun-2023 17:32:42.579 INFO [main] org.apache.catalina.core.AprLifecycleListener.lifecycleEvent Loaded Apache Tomcat Native library [1.2.23] using APR version [1.6.5].
12-Jun-2023 17:32:42.579 INFO [main] org.apache.catalina.core.AprLifecycleListener.lifecycleEvent APR capabilities: IPv6 [true], sendfile [true], accept filters [false], random [true], UDS [false].
12-Jun-2023 17:32:42.579 INFO [main] org.apache.catalina.core.AprLifecycleListener.lifecycleEvent APR/OpenSSL configuration: useAprConnector [false], useOpenSSL [true]
12-Jun-2023 17:32:42.620 INFO [main] org.apache.catalina.core.AprLifecycleListener.initializeSSL OpenSSL successfully initialized [OpenSSL 1.1.1f  31 Mar 2020]
12-Jun-2023 17:32:43.660 INFO [main] org.apache.coyote.AbstractProtocol.init Initializing ProtocolHandler ["http-nio-8082"]
12-Jun-2023 17:32:43.732 INFO [main] org.apache.catalina.startup.Catalina.load Server initialization in [2210] milliseconds
12-Jun-2023 17:32:43.838 INFO [main] org.apache.catalina.core.StandardService.startInternal Starting service [Catalina]
12-Jun-2023 17:32:43.838 INFO [main] org.apache.catalina.core.StandardEngine.startInternal Starting Servlet engine: [Apache Tomcat/9.0.75]
12-Jun-2023 17:32:43.913 INFO [main] org.apache.catalina.startup.HostConfig.deployDescriptor Deploying deployment descriptor [/home/anbvhe150476/NetBeansProjects/DBS401Web/other/apache-tomcat-9.0.75/conf/Catalina/localhost/mavenproject1.xml]
12-Jun-2023 17:32:43.948 WARNING [main] org.apache.catalina.startup.HostConfig.deployDescriptor The path attribute with value [/mavenproject1] in deployment descriptor [/home/anbvhe150476/NetBeansProjects/DBS401Web/other/apache-tomcat-9.0.75/conf/Catalina/localhost/mavenproject1.xml] has been ignored
12-Jun-2023 17:32:44.039 SEVERE [main] org.apache.catalina.startup.HostConfig.deployDescriptor Error deploying deployment descriptor [/home/anbvhe150476/NetBeansProjects/DBS401Web/other/apache-tomcat-9.0.75/conf/Catalina/localhost/mavenproject1.xml]
	java.lang.IllegalStateException: Error starting child
		at org.apache.catalina.core.ContainerBase.addChildInternal(ContainerBase.java:686)
		at org.apache.catalina.core.ContainerBase.addChild(ContainerBase.java:658)
		at org.apache.catalina.core.StandardHost.addChild(StandardHost.java:662)
		at org.apache.catalina.startup.HostConfig.deployDescriptor(HostConfig.java:689)
		at org.apache.catalina.startup.HostConfig$DeployDescriptor.run(HostConfig.java:1888)
		at java.base/java.util.concurrent.Executors$RunnableAdapter.call(Executors.java:515)
		at java.base/java.util.concurrent.FutureTask.run(FutureTask.java:264)
		at org.apache.tomcat.util.threads.InlineExecutorService.execute(InlineExecutorService.java:75)
		at java.base/java.util.concurrent.AbstractExecutorService.submit(AbstractExecutorService.java:118)
		at org.apache.catalina.startup.HostConfig.deployDescriptors(HostConfig.java:582)
		at org.apache.catalina.startup.HostConfig.deployApps(HostConfig.java:472)
		at org.apache.catalina.startup.HostConfig.start(HostConfig.java:1617)
		at org.apache.catalina.startup.HostConfig.lifecycleEvent(HostConfig.java:318)
		at org.apache.catalina.util.LifecycleBase.fireLifecycleEvent(LifecycleBase.java:123)
		at org.apache.catalina.util.LifecycleBase.setStateInternal(LifecycleBase.java:423)
		at org.apache.catalina.util.LifecycleBase.setState(LifecycleBase.java:366)
		at org.apache.catalina.core.ContainerBase.startInternal(ContainerBase.java:898)
		at org.apache.catalina.core.StandardHost.startInternal(StandardHost.java:795)
		at org.apache.catalina.util.LifecycleBase.start(LifecycleBase.java:183)
		at org.apache.catalina.core.ContainerBase$StartChild.call(ContainerBase.java:1332)
		at org.apache.catalina.core.ContainerBase$StartChild.call(ContainerBase.java:1322)
		at java.base/java.util.concurrent.FutureTask.run(FutureTask.java:264)
		at org.apache.tomcat.util.threads.InlineExecutorService.execute(InlineExecutorService.java:75)
		at java.base/java.util.concurrent.AbstractExecutorService.submit(AbstractExecutorService.java:140)
		at org.apache.catalina.core.ContainerBase.startInternal(ContainerBase.java:871)
		at org.apache.catalina.core.StandardEngine.startInternal(StandardEngine.java:249)
		at org.apache.catalina.util.LifecycleBase.start(LifecycleBase.java:183)
		at org.apache.catalina.core.StandardService.startInternal(StandardService.java:428)
		at org.apache.catalina.util.LifecycleBase.start(LifecycleBase.java:183)
		at org.apache.catalina.core.StandardServer.startInternal(StandardServer.java:914)
		at org.apache.catalina.util.LifecycleBase.start(LifecycleBase.java:183)
		at org.apache.catalina.startup.Catalina.start(Catalina.java:772)
		at java.base/jdk.internal.reflect.NativeMethodAccessorImpl.invoke0(Native Method)
		at java.base/jdk.internal.reflect.NativeMethodAccessorImpl.invoke(NativeMethodAccessorImpl.java:62)
		at java.base/jdk.internal.reflect.DelegatingMethodAccessorImpl.invoke(DelegatingMethodAccessorImpl.java:43)
		at java.base/java.lang.reflect.Method.invoke(Method.java:566)
		at org.apache.catalina.startup.Bootstrap.start(Bootstrap.java:347)
		at org.apache.catalina.startup.Bootstrap.main(Bootstrap.java:478)
	Caused by: org.apache.catalina.LifecycleException: Failed to start component [org.apache.catalina.webresources.StandardRoot@19b843ba]
		at org.apache.catalina.util.LifecycleBase.handleSubClassException(LifecycleBase.java:440)
		at org.apache.catalina.util.LifecycleBase.start(LifecycleBase.java:198)
		at org.apache.catalina.core.StandardContext.resourcesStart(StandardContext.java:4607)
		at org.apache.catalina.core.StandardContext.startInternal(StandardContext.java:4740)
		at org.apache.catalina.util.LifecycleBase.start(LifecycleBase.java:183)
		at org.apache.catalina.core.ContainerBase.addChildInternal(ContainerBase.java:683)
		... 37 more
	Caused by: java.lang.IllegalArgumentException: The main resource set specified [/home/anbvhe150476/NetBeansProjects/mavenproject1/target/mavenproject1-1.0-SNAPSHOT] is not a directory or war file, or is not readable (it does not exist or permissions to access it are missing)
		at org.apache.catalina.webresources.StandardRoot.createMainResourceSet(StandardRoot.java:749)
		at org.apache.catalina.webresources.StandardRoot.startInternal(StandardRoot.java:707)
		at org.apache.catalina.util.LifecycleBase.start(LifecycleBase.java:183)
		... 41 more
12-Jun-2023 17:32:44.049 INFO [main] org.apache.catalina.startup.HostConfig.deployDescriptor Deployment of deployment descriptor [/home/anbvhe150476/NetBeansProjects/DBS401Web/other/apache-tomcat-9.0.75/conf/Catalina/localhost/mavenproject1.xml] has finished in [135] ms
12-Jun-2023 17:32:44.050 INFO [main] org.apache.catalina.startup.HostConfig.deployDescriptor Deploying deployment descriptor [/home/anbvhe150476/NetBeansProjects/DBS401Web/other/apache-tomcat-9.0.75/conf/Catalina/localhost/PRJ301_3W.xml]
12-Jun-2023 17:32:44.051 WARNING [main] org.apache.catalina.startup.HostConfig.deployDescriptor The path attribute with value [/PRJ301_3W] in deployment descriptor [/home/anbvhe150476/NetBeansProjects/DBS401Web/other/apache-tomcat-9.0.75/conf/Catalina/localhost/PRJ301_3W.xml] has been ignored
12-Jun-2023 17:32:44.060 SEVERE [main] org.apache.catalina.startup.HostConfig.deployDescriptor Error deploying deployment descriptor [/home/anbvhe150476/NetBeansProjects/DBS401Web/other/apache-tomcat-9.0.75/conf/Catalina/localhost/PRJ301_3W.xml]
	java.lang.IllegalStateException: Error starting child
		at org.apache.catalina.core.ContainerBase.addChildInternal(ContainerBase.java:686)
		at org.apache.catalina.core.ContainerBase.addChild(ContainerBase.java:658)
		at org.apache.catalina.core.StandardHost.addChild(StandardHost.java:662)
		at org.apache.catalina.startup.HostConfig.deployDescriptor(HostConfig.java:689)
		at org.apache.catalina.startup.HostConfig$DeployDescriptor.run(HostConfig.java:1888)
		at java.base/java.util.concurrent.Executors$RunnableAdapter.call(Executors.java:515)
		at java.base/java.util.concurrent.FutureTask.run(FutureTask.java:264)
		at org.apache.tomcat.util.threads.InlineExecutorService.execute(InlineExecutorService.java:75)
		at java.base/java.util.concurrent.AbstractExecutorService.submit(AbstractExecutorService.java:118)
		at org.apache.catalina.startup.HostConfig.deployDescriptors(HostConfig.java:582)
		at org.apache.catalina.startup.HostConfig.deployApps(HostConfig.java:472)
		at org.apache.catalina.startup.HostConfig.start(HostConfig.java:1617)
		at org.apache.catalina.startup.HostConfig.lifecycleEvent(HostConfig.java:318)
		at org.apache.catalina.util.LifecycleBase.fireLifecycleEvent(LifecycleBase.java:123)
		at org.apache.catalina.util.LifecycleBase.setStateInternal(LifecycleBase.java:423)
		at org.apache.catalina.util.LifecycleBase.setState(LifecycleBase.java:366)
		at org.apache.catalina.core.ContainerBase.startInternal(ContainerBase.java:898)
		at org.apache.catalina.core.StandardHost.startInternal(StandardHost.java:795)
		at org.apache.catalina.util.LifecycleBase.start(LifecycleBase.java:183)
		at org.apache.catalina.core.ContainerBase$StartChild.call(ContainerBase.java:1332)
		at org.apache.catalina.core.ContainerBase$StartChild.call(ContainerBase.java:1322)
		at java.base/java.util.concurrent.FutureTask.run(FutureTask.java:264)
		at org.apache.tomcat.util.threads.InlineExecutorService.execute(InlineExecutorService.java:75)
		at java.base/java.util.concurrent.AbstractExecutorService.submit(AbstractExecutorService.java:140)
		at org.apache.catalina.core.ContainerBase.startInternal(ContainerBase.java:871)
		at org.apache.catalina.core.StandardEngine.startInternal(StandardEngine.java:249)
		at org.apache.catalina.util.LifecycleBase.start(LifecycleBase.java:183)
		at org.apache.catalina.core.StandardService.startInternal(StandardService.java:428)
		at org.apache.catalina.util.LifecycleBase.start(LifecycleBase.java:183)
		at org.apache.catalina.core.StandardServer.startInternal(StandardServer.java:914)
		at org.apache.catalina.util.LifecycleBase.start(LifecycleBase.java:183)
		at org.apache.catalina.startup.Catalina.start(Catalina.java:772)
		at java.base/jdk.internal.reflect.NativeMethodAccessorImpl.invoke0(Native Method)
		at java.base/jdk.internal.reflect.NativeMethodAccessorImpl.invoke(NativeMethodAccessorImpl.java:62)
		at java.base/jdk.internal.reflect.DelegatingMethodAccessorImpl.invoke(DelegatingMethodAccessorImpl.java:43)
		at java.base/java.lang.reflect.Method.invoke(Method.java:566)
		at org.apache.catalina.startup.Bootstrap.start(Bootstrap.java:347)
		at org.apache.catalina.startup.Bootstrap.main(Bootstrap.java:478)
	Caused by: org.apache.catalina.LifecycleException: Failed to start component [org.apache.catalina.webresources.StandardRoot@1ec9bd38]
		at org.apache.catalina.util.LifecycleBase.handleSubClassException(LifecycleBase.java:440)
		at org.apache.catalina.util.LifecycleBase.start(LifecycleBase.java:198)
		at org.apache.catalina.core.StandardContext.resourcesStart(StandardContext.java:4607)
		at org.apache.catalina.core.StandardContext.startInternal(StandardContext.java:4740)
		at org.apache.catalina.util.LifecycleBase.start(LifecycleBase.java:183)
		at org.apache.catalina.core.ContainerBase.addChildInternal(ContainerBase.java:683)
		... 37 more
	Caused by: java.lang.IllegalArgumentException: The main resource set specified [/home/anbvhe150476/NetBeansProjects/PRJ301_3W/build/web] is not a directory or war file, or is not readable (it does not exist or permissions to access it are missing)
		at org.apache.catalina.webresources.StandardRoot.createMainResourceSet(StandardRoot.java:749)
		at org.apache.catalina.webresources.StandardRoot.startInternal(StandardRoot.java:707)
		at org.apache.catalina.util.LifecycleBase.start(LifecycleBase.java:183)
		... 41 more
12-Jun-2023 17:32:44.074 INFO [main] org.apache.catalina.startup.HostConfig.deployDescriptor Deployment of deployment descriptor [/home/anbvhe150476/NetBeansProjects/DBS401Web/other/apache-tomcat-9.0.75/conf/Catalina/localhost/PRJ301_3W.xml] has finished in [14] ms
12-Jun-2023 17:32:44.077 INFO [main] org.apache.catalina.startup.HostConfig.deployDescriptor Deploying deployment descriptor [/home/anbvhe150476/NetBeansProjects/DBS401Web/other/apache-tomcat-9.0.75/conf/Catalina/localhost/team3.xml]
12-Jun-2023 17:32:44.079 WARNING [main] org.apache.catalina.startup.HostConfig.deployDescriptor The path attribute with value [/team3] in deployment descriptor [/home/anbvhe150476/NetBeansProjects/DBS401Web/other/apache-tomcat-9.0.75/conf/Catalina/localhost/team3.xml] has been ignored
12-Jun-2023 17:32:45.696 INFO [main] org.apache.jasper.servlet.TldScanner.scanJars At least one JAR was scanned for TLDs yet contained no TLDs. Enable debug logging for this logger for a complete list of JARs that were scanned but no TLDs were found in them. Skipping unneeded JARs during scanning can improve startup time and JSP compilation time.
12-Jun-2023 17:32:45.771 INFO [main] org.apache.catalina.startup.HostConfig.deployDescriptor Deployment of deployment descriptor [/home/anbvhe150476/NetBeansProjects/DBS401Web/other/apache-tomcat-9.0.75/conf/Catalina/localhost/team3.xml] has finished in [1,694] ms
12-Jun-2023 17:32:45.772 INFO [main] org.apache.catalina.startup.HostConfig.deployDirectory Deploying web application directory [/home/anbvhe150476/NetBeansProjects/DBS401Web/other/apache-tomcat-9.0.75/webapps/examples]
12-Jun-2023 17:32:46.059 INFO [main] org.apache.catalina.startup.HostConfig.deployDirectory Deployment of web application directory [/home/anbvhe150476/NetBeansProjects/DBS401Web/other/apache-tomcat-9.0.75/webapps/examples] has finished in [288] ms
12-Jun-2023 17:32:46.059 INFO [main] org.apache.catalina.startup.HostConfig.deployDirectory Deploying web application directory [/home/anbvhe150476/NetBeansProjects/DBS401Web/other/apache-tomcat-9.0.75/webapps/manager]
12-Jun-2023 17:32:46.107 INFO [main] org.apache.catalina.startup.HostConfig.deployDirectory Deployment of web application directory [/home/anbvhe150476/NetBeansProjects/DBS401Web/other/apache-tomcat-9.0.75/webapps/manager] has finished in [47] ms
12-Jun-2023 17:32:46.107 INFO [main] org.apache.catalina.startup.HostConfig.deployDirectory Deploying web application directory [/home/anbvhe150476/NetBeansProjects/DBS401Web/other/apache-tomcat-9.0.75/webapps/docs]
12-Jun-2023 17:32:46.160 INFO [main] org.apache.catalina.startup.HostConfig.deployDirectory Deployment of web application directory [/home/anbvhe150476/NetBeansProjects/DBS401Web/other/apache-tomcat-9.0.75/webapps/docs] has finished in [53] ms
12-Jun-2023 17:32:46.161 INFO [main] org.apache.catalina.startup.HostConfig.deployDirectory Deploying web application directory [/home/anbvhe150476/NetBeansProjects/DBS401Web/other/apache-tomcat-9.0.75/webapps/host-manager]
12-Jun-2023 17:32:46.302 INFO [main] org.apache.catalina.startup.HostConfig.deployDirectory Deployment of web application directory [/home/anbvhe150476/NetBeansProjects/DBS401Web/other/apache-tomcat-9.0.75/webapps/host-manager] has finished in [142] ms
12-Jun-2023 17:32:46.329 INFO [main] org.apache.coyote.AbstractProtocol.start Starting ProtocolHandler ["http-nio-8082"]
12-Jun-2023 17:32:46.513 INFO [main] org.apache.catalina.startup.Catalina.start Server startup in [2779] milliseconds
12-Jun-2023 17:36:58.430 INFO [main] org.apache.catalina.core.StandardServer.await A valid shutdown command was received via the shutdown port. Stopping the Server instance.
12-Jun-2023 17:36:58.431 INFO [main] org.apache.coyote.AbstractProtocol.pause Pausing ProtocolHandler ["http-nio-8082"]
12-Jun-2023 17:36:58.432 INFO [main] org.apache.catalina.core.StandardService.stopInternal Stopping service [Catalina]
12-Jun-2023 17:36:58.442 WARNING [main] org.apache.catalina.loader.WebappClassLoaderBase.clearReferencesJdbc The web application [team3] registered the JDBC driver [com.microsoft.sqlserver.jdbc.SQLServerDriver] but failed to unregister it when the web application was stopped. To prevent a memory leak, the JDBC Driver has been forcibly unregistered.
12-Jun-2023 17:36:58.445 SEVERE [main] org.apache.catalina.loader.WebappClassLoaderBase.checkThreadLocalMapForLeaks The web application [team3] created a ThreadLocal with key of type [com.microsoft.sqlserver.jdbc.ActivityCorrelator$1] (value [com.microsoft.sqlserver.jdbc.ActivityCorrelator$1@4d23015c]) and a value of type [com.microsoft.sqlserver.jdbc.ActivityId] (value [cecaed02-3047-48a5-a1e4-a1dc28e2af08-2]) but failed to remove it when the web application was stopped. Threads are going to be renewed over time to try and avoid a probable memory leak.
12-Jun-2023 17:36:58.446 SEVERE [main] org.apache.catalina.loader.WebappClassLoaderBase.checkThreadLocalMapForLeaks The web application [team3] created a ThreadLocal with key of type [com.microsoft.sqlserver.jdbc.ActivityCorrelator$1] (value [com.microsoft.sqlserver.jdbc.ActivityCorrelator$1@4d23015c]) and a value of type [com.microsoft.sqlserver.jdbc.ActivityId] (value [e3fe2530-b3ec-4e68-ad4f-a90d5e5a94e2-2]) but failed to remove it when the web application was stopped. Threads are going to be renewed over time to try and avoid a probable memory leak.
12-Jun-2023 17:36:58.464 INFO [main] org.apache.coyote.AbstractProtocol.stop Stopping ProtocolHandler ["http-nio-8082"]
12-Jun-2023 17:36:58.479 INFO [main] org.apache.coyote.AbstractProtocol.destroy Destroying ProtocolHandler ["http-nio-8082"]
12-Jun-2023 17:36:58.481 WARNING [main] org.apache.catalina.deploy.NamingResourcesImpl.cleanUp Failed to retrieve JNDI naming context for container [StandardEngine[Catalina].StandardHost[localhost].StandardContext[/PRJ301_3W]] so no cleanup was performed for that container
	javax.naming.NamingException: No naming context bound to this class loader
		at org.apache.naming.ContextBindings.getClassLoader(ContextBindings.java:271)
		at org.apache.catalina.deploy.NamingResourcesImpl.cleanUp(NamingResourcesImpl.java:1010)
		at org.apache.catalina.deploy.NamingResourcesImpl.stopInternal(NamingResourcesImpl.java:993)
		at org.apache.catalina.util.LifecycleBase.stop(LifecycleBase.java:257)
		at org.apache.catalina.core.StandardContext.stopInternal(StandardContext.java:5194)
		at org.apache.catalina.util.LifecycleBase.stop(LifecycleBase.java:257)
		at org.apache.catalina.util.LifecycleBase.destroy(LifecycleBase.java:293)
		at org.apache.catalina.core.ContainerBase.removeChild(ContainerBase.java:778)
		at org.apache.catalina.core.ContainerBase.destroyInternal(ContainerBase.java:982)
		at org.apache.catalina.util.LifecycleBase.destroy(LifecycleBase.java:321)
		at org.apache.catalina.core.ContainerBase.removeChild(ContainerBase.java:778)
		at org.apache.catalina.core.ContainerBase.destroyInternal(ContainerBase.java:982)
		at org.apache.catalina.util.LifecycleBase.destroy(LifecycleBase.java:321)
		at org.apache.catalina.core.StandardService.destroyInternal(StandardService.java:572)
		at org.apache.catalina.util.LifecycleBase.destroy(LifecycleBase.java:321)
		at org.apache.catalina.core.StandardServer.destroyInternal(StandardServer.java:1036)
		at org.apache.catalina.util.LifecycleBase.destroy(LifecycleBase.java:321)
		at org.apache.catalina.startup.Catalina.stop(Catalina.java:850)
		at org.apache.catalina.startup.Catalina.start(Catalina.java:811)
		at java.base/jdk.internal.reflect.NativeMethodAccessorImpl.invoke0(Native Method)
		at java.base/jdk.internal.reflect.NativeMethodAccessorImpl.invoke(NativeMethodAccessorImpl.java:62)
		at java.base/jdk.internal.reflect.DelegatingMethodAccessorImpl.invoke(DelegatingMethodAccessorImpl.java:43)
		at java.base/java.lang.reflect.Method.invoke(Method.java:566)
		at org.apache.catalina.startup.Bootstrap.start(Bootstrap.java:347)
		at org.apache.catalina.startup.Bootstrap.main(Bootstrap.java:478)
