19-May-2023 16:59:05.669 INFO [main] org.apache.catalina.startup.VersionLoggerListener.log Server version name:   Apache Tomcat/9.0.75
19-May-2023 16:59:05.673 INFO [main] org.apache.catalina.startup.VersionLoggerListener.log Server built:          May 4 2023 13:04:05 UTC
19-May-2023 16:59:05.673 INFO [main] org.apache.catalina.startup.VersionLoggerListener.log Server version number: 9.0.75.0
19-May-2023 16:59:05.673 INFO [main] org.apache.catalina.startup.VersionLoggerListener.log OS Name:               Linux
19-May-2023 16:59:05.673 INFO [main] org.apache.catalina.startup.VersionLoggerListener.log OS Version:            5.15.0-71-generic
19-May-2023 16:59:05.674 INFO [main] org.apache.catalina.startup.VersionLoggerListener.log Architecture:          amd64
19-May-2023 16:59:05.674 INFO [main] org.apache.catalina.startup.VersionLoggerListener.log Java Home:             /usr/lib/jvm/java-11-openjdk-amd64
19-May-2023 16:59:05.674 INFO [main] org.apache.catalina.startup.VersionLoggerListener.log JVM Version:           11.0.18+10-post-Ubuntu-0ubuntu120.04.1
19-May-2023 16:59:05.674 INFO [main] org.apache.catalina.startup.VersionLoggerListener.log JVM Vendor:            Ubuntu
19-May-2023 16:59:05.674 INFO [main] org.apache.catalina.startup.VersionLoggerListener.log CATALINA_BASE:         /home/anbvhe150476/Downloads/apache-tomcat-9.0.75
19-May-2023 16:59:05.674 INFO [main] org.apache.catalina.startup.VersionLoggerListener.log CATALINA_HOME:         /home/anbvhe150476/Downloads/apache-tomcat-9.0.75
19-May-2023 16:59:05.698 INFO [main] org.apache.catalina.startup.VersionLoggerListener.log Command line argument: --add-opens=java.base/java.lang=ALL-UNNAMED
19-May-2023 16:59:05.698 INFO [main] org.apache.catalina.startup.VersionLoggerListener.log Command line argument: --add-opens=java.base/java.io=ALL-UNNAMED
19-May-2023 16:59:05.698 INFO [main] org.apache.catalina.startup.VersionLoggerListener.log Command line argument: --add-opens=java.base/java.util=ALL-UNNAMED
19-May-2023 16:59:05.698 INFO [main] org.apache.catalina.startup.VersionLoggerListener.log Command line argument: --add-opens=java.base/java.util.concurrent=ALL-UNNAMED
19-May-2023 16:59:05.698 INFO [main] org.apache.catalina.startup.VersionLoggerListener.log Command line argument: --add-opens=java.rmi/sun.rmi.transport=ALL-UNNAMED
19-May-2023 16:59:05.698 INFO [main] org.apache.catalina.startup.VersionLoggerListener.log Command line argument: -Djava.util.logging.config.file=/home/anbvhe150476/Downloads/apache-tomcat-9.0.75/conf/logging.properties
19-May-2023 16:59:05.698 INFO [main] org.apache.catalina.startup.VersionLoggerListener.log Command line argument: -Djava.util.logging.manager=org.apache.juli.ClassLoaderLogManager
19-May-2023 16:59:05.699 INFO [main] org.apache.catalina.startup.VersionLoggerListener.log Command line argument: -Dhttp.nonProxyHosts=localhost|127.0.0.1|anbvhe150476
19-May-2023 16:59:05.699 INFO [main] org.apache.catalina.startup.VersionLoggerListener.log Command line argument: -Djdk.tls.ephemeralDHKeySize=2048
19-May-2023 16:59:05.699 INFO [main] org.apache.catalina.startup.VersionLoggerListener.log Command line argument: -Djava.protocol.handler.pkgs=org.apache.catalina.webresources
19-May-2023 16:59:05.699 INFO [main] org.apache.catalina.startup.VersionLoggerListener.log Command line argument: -Dorg.apache.catalina.security.SecurityListener.UMASK=0027
19-May-2023 16:59:05.699 INFO [main] org.apache.catalina.startup.VersionLoggerListener.log Command line argument: -Dignore.endorsed.dirs=
19-May-2023 16:59:05.699 INFO [main] org.apache.catalina.startup.VersionLoggerListener.log Command line argument: -Dcatalina.base=/home/anbvhe150476/Downloads/apache-tomcat-9.0.75
19-May-2023 16:59:05.699 INFO [main] org.apache.catalina.startup.VersionLoggerListener.log Command line argument: -Dcatalina.home=/home/anbvhe150476/Downloads/apache-tomcat-9.0.75
19-May-2023 16:59:05.700 INFO [main] org.apache.catalina.startup.VersionLoggerListener.log Command line argument: -Djava.io.tmpdir=/home/anbvhe150476/Downloads/apache-tomcat-9.0.75/temp
19-May-2023 16:59:05.711 INFO [main] org.apache.catalina.core.AprLifecycleListener.lifecycleEvent An older version [1.2.23] of the Apache Tomcat Native library is installed, while Tomcat recommends a minimum version of [1.2.30]
19-May-2023 16:59:05.711 INFO [main] org.apache.catalina.core.AprLifecycleListener.lifecycleEvent Loaded Apache Tomcat Native library [1.2.23] using APR version [1.6.5].
19-May-2023 16:59:05.711 INFO [main] org.apache.catalina.core.AprLifecycleListener.lifecycleEvent APR capabilities: IPv6 [true], sendfile [true], accept filters [false], random [true], UDS [false].
19-May-2023 16:59:05.711 INFO [main] org.apache.catalina.core.AprLifecycleListener.lifecycleEvent APR/OpenSSL configuration: useAprConnector [false], useOpenSSL [true]
19-May-2023 16:59:05.726 INFO [main] org.apache.catalina.core.AprLifecycleListener.initializeSSL OpenSSL successfully initialized [OpenSSL 1.1.1f  31 Mar 2020]
19-May-2023 16:59:06.162 INFO [main] org.apache.coyote.AbstractProtocol.init Initializing ProtocolHandler ["http-nio-8080"]
19-May-2023 16:59:06.204 INFO [main] org.apache.catalina.startup.Catalina.load Server initialization in [1091] milliseconds
19-May-2023 16:59:06.316 INFO [main] org.apache.catalina.core.StandardService.startInternal Starting service [Catalina]
19-May-2023 16:59:06.316 INFO [main] org.apache.catalina.core.StandardEngine.startInternal Starting Servlet engine: [Apache Tomcat/9.0.75]
19-May-2023 16:59:06.329 INFO [main] org.apache.catalina.startup.HostConfig.deployDescriptor Deploying deployment descriptor [/home/anbvhe150476/Downloads/apache-tomcat-9.0.75/conf/Catalina/localhost/mavenproject1.xml]
19-May-2023 16:59:06.356 WARNING [main] org.apache.catalina.startup.HostConfig.deployDescriptor The path attribute with value [/mavenproject1] in deployment descriptor [/home/anbvhe150476/Downloads/apache-tomcat-9.0.75/conf/Catalina/localhost/mavenproject1.xml] has been ignored
19-May-2023 16:59:06.420 SEVERE [main] org.apache.catalina.startup.HostConfig.deployDescriptor Error deploying deployment descriptor [/home/anbvhe150476/Downloads/apache-tomcat-9.0.75/conf/Catalina/localhost/mavenproject1.xml]
	java.lang.IllegalStateException: Error starting child
		at org.apache.catalina.core.ContainerBase.addChildInternal(ContainerBase.java:686)
		at org.apache.catalina.core.ContainerBase.addChild(ContainerBase.java:658)
		at org.apache.catalina.core.StandardHost.addChild(StandardHost.java:662)
		at org.apache.catalina.startup.HostConfig.deployDescriptor(HostConfig.java:689)
		at org.apache.catalina.startup.HostConfig$DeployDescriptor.run(HostConfig.java:1888)
		at java.base/java.util.concurrent.Executors$RunnableAdapter.call(Executors.java:515)
		at java.base/java.util.concurrent.FutureTask.run(FutureTask.java:264)
		at org.apache.tomcat.util.threads.InlineExecutorService.execute(InlineExecutorService.java:75)
		at java.base/java.util.concurrent.AbstractExecutorService.submit(AbstractExecutorService.java:118)
		at org.apache.catalina.startup.HostConfig.deployDescriptors(HostConfig.java:582)
		at org.apache.catalina.startup.HostConfig.deployApps(HostConfig.java:472)
		at org.apache.catalina.startup.HostConfig.start(HostConfig.java:1617)
		at org.apache.catalina.startup.HostConfig.lifecycleEvent(HostConfig.java:318)
		at org.apache.catalina.util.LifecycleBase.fireLifecycleEvent(LifecycleBase.java:123)
		at org.apache.catalina.util.LifecycleBase.setStateInternal(LifecycleBase.java:423)
		at org.apache.catalina.util.LifecycleBase.setState(LifecycleBase.java:366)
		at org.apache.catalina.core.ContainerBase.startInternal(ContainerBase.java:898)
		at org.apache.catalina.core.StandardHost.startInternal(StandardHost.java:795)
		at org.apache.catalina.util.LifecycleBase.start(LifecycleBase.java:183)
		at org.apache.catalina.core.ContainerBase$StartChild.call(ContainerBase.java:1332)
		at org.apache.catalina.core.ContainerBase$StartChild.call(ContainerBase.java:1322)
		at java.base/java.util.concurrent.FutureTask.run(FutureTask.java:264)
		at org.apache.tomcat.util.threads.InlineExecutorService.execute(InlineExecutorService.java:75)
		at java.base/java.util.concurrent.AbstractExecutorService.submit(AbstractExecutorService.java:140)
		at org.apache.catalina.core.ContainerBase.startInternal(ContainerBase.java:871)
		at org.apache.catalina.core.StandardEngine.startInternal(StandardEngine.java:249)
		at org.apache.catalina.util.LifecycleBase.start(LifecycleBase.java:183)
		at org.apache.catalina.core.StandardService.startInternal(StandardService.java:428)
		at org.apache.catalina.util.LifecycleBase.start(LifecycleBase.java:183)
		at org.apache.catalina.core.StandardServer.startInternal(StandardServer.java:914)
		at org.apache.catalina.util.LifecycleBase.start(LifecycleBase.java:183)
		at org.apache.catalina.startup.Catalina.start(Catalina.java:772)
		at java.base/jdk.internal.reflect.NativeMethodAccessorImpl.invoke0(Native Method)
		at java.base/jdk.internal.reflect.NativeMethodAccessorImpl.invoke(NativeMethodAccessorImpl.java:62)
		at java.base/jdk.internal.reflect.DelegatingMethodAccessorImpl.invoke(DelegatingMethodAccessorImpl.java:43)
		at java.base/java.lang.reflect.Method.invoke(Method.java:566)
		at org.apache.catalina.startup.Bootstrap.start(Bootstrap.java:347)
		at org.apache.catalina.startup.Bootstrap.main(Bootstrap.java:478)
	Caused by: org.apache.catalina.LifecycleException: Failed to start component [org.apache.catalina.webresources.StandardRoot@34129c78]
		at org.apache.catalina.util.LifecycleBase.handleSubClassException(LifecycleBase.java:440)
		at org.apache.catalina.util.LifecycleBase.start(LifecycleBase.java:198)
		at org.apache.catalina.core.StandardContext.resourcesStart(StandardContext.java:4607)
		at org.apache.catalina.core.StandardContext.startInternal(StandardContext.java:4740)
		at org.apache.catalina.util.LifecycleBase.start(LifecycleBase.java:183)
		at org.apache.catalina.core.ContainerBase.addChildInternal(ContainerBase.java:683)
		... 37 more
	Caused by: java.lang.IllegalArgumentException: The main resource set specified [/home/anbvhe150476/NetBeansProjects/mavenproject1/target/mavenproject1-1.0-SNAPSHOT] is not a directory or war file, or is not readable (it does not exist or permissions to access it are missing)
		at org.apache.catalina.webresources.StandardRoot.createMainResourceSet(StandardRoot.java:749)
		at org.apache.catalina.webresources.StandardRoot.startInternal(StandardRoot.java:707)
		at org.apache.catalina.util.LifecycleBase.start(LifecycleBase.java:183)
		... 41 more
19-May-2023 16:59:06.425 INFO [main] org.apache.catalina.startup.HostConfig.deployDescriptor Deployment of deployment descriptor [/home/anbvhe150476/Downloads/apache-tomcat-9.0.75/conf/Catalina/localhost/mavenproject1.xml] has finished in [97] ms
19-May-2023 16:59:06.426 INFO [main] org.apache.catalina.startup.HostConfig.deployDescriptor Deploying deployment descriptor [/home/anbvhe150476/Downloads/apache-tomcat-9.0.75/conf/Catalina/localhost/PRJ301_3W.xml]
19-May-2023 16:59:06.427 WARNING [main] org.apache.catalina.startup.HostConfig.deployDescriptor The path attribute with value [/PRJ301_3W] in deployment descriptor [/home/anbvhe150476/Downloads/apache-tomcat-9.0.75/conf/Catalina/localhost/PRJ301_3W.xml] has been ignored
19-May-2023 16:59:07.331 INFO [main] org.apache.jasper.servlet.TldScanner.scanJars At least one JAR was scanned for TLDs yet contained no TLDs. Enable debug logging for this logger for a complete list of JARs that were scanned but no TLDs were found in them. Skipping unneeded JARs during scanning can improve startup time and JSP compilation time.
19-May-2023 16:59:07.440 INFO [main] org.apache.catalina.startup.HostConfig.deployDescriptor Deployment of deployment descriptor [/home/anbvhe150476/Downloads/apache-tomcat-9.0.75/conf/Catalina/localhost/PRJ301_3W.xml] has finished in [1,014] ms
19-May-2023 16:59:07.441 INFO [main] org.apache.catalina.startup.HostConfig.deployDescriptor Deploying deployment descriptor [/home/anbvhe150476/Downloads/apache-tomcat-9.0.75/conf/Catalina/localhost/ROOT.xml]
19-May-2023 16:59:07.442 WARNING [main] org.apache.catalina.startup.HostConfig.deployDescriptor The path attribute with value [] in deployment descriptor [/home/anbvhe150476/Downloads/apache-tomcat-9.0.75/conf/Catalina/localhost/ROOT.xml] has been ignored
19-May-2023 16:59:07.670 INFO [main] org.apache.jasper.servlet.TldScanner.scanJars At least one JAR was scanned for TLDs yet contained no TLDs. Enable debug logging for this logger for a complete list of JARs that were scanned but no TLDs were found in them. Skipping unneeded JARs during scanning can improve startup time and JSP compilation time.
19-May-2023 16:59:07.688 INFO [main] org.apache.catalina.startup.HostConfig.deployDescriptor Deployment of deployment descriptor [/home/anbvhe150476/Downloads/apache-tomcat-9.0.75/conf/Catalina/localhost/ROOT.xml] has finished in [247] ms
19-May-2023 16:59:07.688 INFO [main] org.apache.catalina.startup.HostConfig.deployDirectory Deploying web application directory [/home/anbvhe150476/Downloads/apache-tomcat-9.0.75/webapps/examples]
19-May-2023 16:59:07.897 INFO [main] org.apache.catalina.startup.HostConfig.deployDirectory Deployment of web application directory [/home/anbvhe150476/Downloads/apache-tomcat-9.0.75/webapps/examples] has finished in [209] ms
19-May-2023 16:59:07.897 INFO [main] org.apache.catalina.startup.HostConfig.deployDirectory Deploying web application directory [/home/anbvhe150476/Downloads/apache-tomcat-9.0.75/webapps/manager]
19-May-2023 16:59:07.923 INFO [main] org.apache.catalina.startup.HostConfig.deployDirectory Deployment of web application directory [/home/anbvhe150476/Downloads/apache-tomcat-9.0.75/webapps/manager] has finished in [26] ms
19-May-2023 16:59:07.923 INFO [main] org.apache.catalina.startup.HostConfig.deployDirectory Deploying web application directory [/home/anbvhe150476/Downloads/apache-tomcat-9.0.75/webapps/docs]
19-May-2023 16:59:07.947 INFO [main] org.apache.catalina.startup.HostConfig.deployDirectory Deployment of web application directory [/home/anbvhe150476/Downloads/apache-tomcat-9.0.75/webapps/docs] has finished in [24] ms
19-May-2023 16:59:07.947 INFO [main] org.apache.catalina.startup.HostConfig.deployDirectory Deploying web application directory [/home/anbvhe150476/Downloads/apache-tomcat-9.0.75/webapps/host-manager]
19-May-2023 16:59:07.972 INFO [main] org.apache.catalina.startup.HostConfig.deployDirectory Deployment of web application directory [/home/anbvhe150476/Downloads/apache-tomcat-9.0.75/webapps/host-manager] has finished in [25] ms
19-May-2023 16:59:07.977 INFO [main] org.apache.coyote.AbstractProtocol.start Starting ProtocolHandler ["http-nio-8080"]
19-May-2023 16:59:08.029 INFO [main] org.apache.catalina.startup.Catalina.start Server startup in [1824] milliseconds
19-May-2023 17:04:57.678 WARNING [http-nio-8080-exec-8] org.apache.catalina.loader.WebappClassLoaderBase.clearReferencesJdbc The web application [ROOT] registered the JDBC driver [com.microsoft.sqlserver.jdbc.SQLServerDriver] but failed to unregister it when the web application was stopped. To prevent a memory leak, the JDBC Driver has been forcibly unregistered.
19-May-2023 17:04:57.686 SEVERE [http-nio-8080-exec-8] org.apache.catalina.loader.WebappClassLoaderBase.checkThreadLocalMapForLeaks The web application [ROOT] created a ThreadLocal with key of type [com.microsoft.sqlserver.jdbc.ActivityCorrelator$1] (value [com.microsoft.sqlserver.jdbc.ActivityCorrelator$1@43dca14b]) and a value of type [com.microsoft.sqlserver.jdbc.ActivityId] (value [a6b74569-9852-4b84-a150-9d4ab55d4934-2]) but failed to remove it when the web application was stopped. Threads are going to be renewed over time to try and avoid a probable memory leak.
19-May-2023 17:04:58.057 INFO [http-nio-8080-exec-9] org.apache.jasper.servlet.TldScanner.scanJars At least one JAR was scanned for TLDs yet contained no TLDs. Enable debug logging for this logger for a complete list of JARs that were scanned but no TLDs were found in them. Skipping unneeded JARs during scanning can improve startup time and JSP compilation time.
19-May-2023 17:05:00.075 INFO [http-nio-8080-exec-5] org.apache.jasper.servlet.TldScanner.scanJars At least one JAR was scanned for TLDs yet contained no TLDs. Enable debug logging for this logger for a complete list of JARs that were scanned but no TLDs were found in them. Skipping unneeded JARs during scanning can improve startup time and JSP compilation time.
19-May-2023 17:05:08.080 INFO [Catalina-utility-2] org.apache.catalina.startup.HostConfig.reload Reloading context []
19-May-2023 17:05:08.081 INFO [Catalina-utility-2] org.apache.catalina.core.StandardContext.reload Reloading Context with name [] has started
19-May-2023 17:05:08.097 WARNING [Catalina-utility-2] org.apache.catalina.loader.WebappClassLoaderBase.clearReferencesJdbc The web application [ROOT] registered the JDBC driver [com.microsoft.sqlserver.jdbc.SQLServerDriver] but failed to unregister it when the web application was stopped. To prevent a memory leak, the JDBC Driver has been forcibly unregistered.
19-May-2023 17:05:08.227 INFO [Catalina-utility-2] org.apache.jasper.servlet.TldScanner.scanJars At least one JAR was scanned for TLDs yet contained no TLDs. Enable debug logging for this logger for a complete list of JARs that were scanned but no TLDs were found in them. Skipping unneeded JARs during scanning can improve startup time and JSP compilation time.
19-May-2023 17:05:08.232 INFO [Catalina-utility-2] org.apache.catalina.core.StandardContext.reload Reloading Context with name [] is completed
19-May-2023 17:09:23.904 INFO [http-nio-8080-exec-17] org.apache.catalina.startup.HostConfig.undeploy Undeploying context []
19-May-2023 17:09:23.923 INFO [http-nio-8080-exec-20] org.apache.catalina.startup.HostConfig.deployDescriptor Deploying deployment descriptor [/home/anbvhe150476/Downloads/apache-tomcat-9.0.75/conf/Catalina/localhost/ROOT.xml]
19-May-2023 17:09:23.925 WARNING [http-nio-8080-exec-20] org.apache.catalina.startup.HostConfig.deployDescriptor The path attribute with value [/nhom3] in deployment descriptor [/home/anbvhe150476/Downloads/apache-tomcat-9.0.75/conf/Catalina/localhost/ROOT.xml] has been ignored
19-May-2023 17:09:24.099 INFO [http-nio-8080-exec-20] org.apache.jasper.servlet.TldScanner.scanJars At least one JAR was scanned for TLDs yet contained no TLDs. Enable debug logging for this logger for a complete list of JARs that were scanned but no TLDs were found in them. Skipping unneeded JARs during scanning can improve startup time and JSP compilation time.
19-May-2023 17:09:24.103 INFO [http-nio-8080-exec-20] org.apache.catalina.startup.HostConfig.deployDescriptor Deployment of deployment descriptor [/home/anbvhe150476/Downloads/apache-tomcat-9.0.75/conf/Catalina/localhost/ROOT.xml] has finished in [180] ms
19-May-2023 17:09:26.315 INFO [http-nio-8080-exec-11] org.apache.jasper.servlet.TldScanner.scanJars At least one JAR was scanned for TLDs yet contained no TLDs. Enable debug logging for this logger for a complete list of JARs that were scanned but no TLDs were found in them. Skipping unneeded JARs during scanning can improve startup time and JSP compilation time.
19-May-2023 17:09:27.122 INFO [http-nio-8080-exec-14] org.apache.catalina.startup.HostConfig.undeploy Undeploying context []
19-May-2023 17:09:27.135 INFO [http-nio-8080-exec-15] org.apache.catalina.startup.HostConfig.deployDescriptor Deploying deployment descriptor [/home/anbvhe150476/Downloads/apache-tomcat-9.0.75/conf/Catalina/localhost/nhom3.xml]
19-May-2023 17:09:27.136 WARNING [http-nio-8080-exec-15] org.apache.catalina.startup.HostConfig.deployDescriptor The path attribute with value [/nhom3] in deployment descriptor [/home/anbvhe150476/Downloads/apache-tomcat-9.0.75/conf/Catalina/localhost/nhom3.xml] has been ignored
19-May-2023 17:09:27.303 INFO [http-nio-8080-exec-15] org.apache.jasper.servlet.TldScanner.scanJars At least one JAR was scanned for TLDs yet contained no TLDs. Enable debug logging for this logger for a complete list of JARs that were scanned but no TLDs were found in them. Skipping unneeded JARs during scanning can improve startup time and JSP compilation time.
19-May-2023 17:09:27.307 INFO [http-nio-8080-exec-15] org.apache.catalina.startup.HostConfig.deployDescriptor Deployment of deployment descriptor [/home/anbvhe150476/Downloads/apache-tomcat-9.0.75/conf/Catalina/localhost/nhom3.xml] has finished in [172] ms
19-May-2023 17:09:27.317 INFO [http-nio-8080-exec-17] org.apache.catalina.util.LifecycleBase.start The start() method was called on component [StandardEngine[Catalina].StandardHost[localhost].StandardContext[/nhom3]] after start() had already been called. The second call will be ignored.
19-May-2023 17:18:22.001 INFO [main] org.apache.catalina.core.StandardServer.await A valid shutdown command was received via the shutdown port. Stopping the Server instance.
19-May-2023 17:18:22.005 INFO [main] org.apache.coyote.AbstractProtocol.pause Pausing ProtocolHandler ["http-nio-8080"]
19-May-2023 17:18:22.018 INFO [main] org.apache.catalina.core.StandardService.stopInternal Stopping service [Catalina]
19-May-2023 17:18:22.210 WARNING [main] org.apache.catalina.loader.WebappClassLoaderBase.clearReferencesJdbc The web application [nhom3] registered the JDBC driver [com.microsoft.sqlserver.jdbc.SQLServerDriver] but failed to unregister it when the web application was stopped. To prevent a memory leak, the JDBC Driver has been forcibly unregistered.
19-May-2023 17:18:22.210 SEVERE [main] org.apache.catalina.loader.WebappClassLoaderBase.checkThreadLocalMapForLeaks The web application [nhom3] created a ThreadLocal with key of type [com.microsoft.sqlserver.jdbc.ActivityCorrelator$1] (value [com.microsoft.sqlserver.jdbc.ActivityCorrelator$1@3bec5821]) and a value of type [com.microsoft.sqlserver.jdbc.ActivityId] (value [38f49e52-efab-414c-b7a0-5a28454fdc94-2]) but failed to remove it when the web application was stopped. Threads are going to be renewed over time to try and avoid a probable memory leak.
19-May-2023 17:18:22.211 SEVERE [main] org.apache.catalina.loader.WebappClassLoaderBase.checkThreadLocalMapForLeaks The web application [nhom3] created a ThreadLocal with key of type [com.microsoft.sqlserver.jdbc.ActivityCorrelator$1] (value [com.microsoft.sqlserver.jdbc.ActivityCorrelator$1@3bec5821]) and a value of type [com.microsoft.sqlserver.jdbc.ActivityId] (value [5fac9db2-0784-48b7-933e-3fa8acfcf972-2]) but failed to remove it when the web application was stopped. Threads are going to be renewed over time to try and avoid a probable memory leak.
19-May-2023 17:18:22.212 SEVERE [main] org.apache.catalina.loader.WebappClassLoaderBase.checkThreadLocalMapForLeaks The web application [nhom3] created a ThreadLocal with key of type [com.microsoft.sqlserver.jdbc.ActivityCorrelator$1] (value [com.microsoft.sqlserver.jdbc.ActivityCorrelator$1@3bec5821]) and a value of type [com.microsoft.sqlserver.jdbc.ActivityId] (value [4d3ed7a4-634c-4c5e-ab08-cdde48c449e9-6]) but failed to remove it when the web application was stopped. Threads are going to be renewed over time to try and avoid a probable memory leak.
19-May-2023 17:18:22.212 SEVERE [main] org.apache.catalina.loader.WebappClassLoaderBase.checkThreadLocalMapForLeaks The web application [nhom3] created a ThreadLocal with key of type [com.microsoft.sqlserver.jdbc.ActivityCorrelator$1] (value [com.microsoft.sqlserver.jdbc.ActivityCorrelator$1@3bec5821]) and a value of type [com.microsoft.sqlserver.jdbc.ActivityId] (value [e6a06128-2f50-4d0e-b51a-aa06a9f8bd22-4]) but failed to remove it when the web application was stopped. Threads are going to be renewed over time to try and avoid a probable memory leak.
19-May-2023 17:18:22.212 SEVERE [main] org.apache.catalina.loader.WebappClassLoaderBase.checkThreadLocalMapForLeaks The web application [nhom3] created a ThreadLocal with key of type [com.microsoft.sqlserver.jdbc.ActivityCorrelator$1] (value [com.microsoft.sqlserver.jdbc.ActivityCorrelator$1@3bec5821]) and a value of type [com.microsoft.sqlserver.jdbc.ActivityId] (value [92549bdb-1ad5-454d-9c29-197f6886549c-2]) but failed to remove it when the web application was stopped. Threads are going to be renewed over time to try and avoid a probable memory leak.
19-May-2023 17:18:22.212 SEVERE [main] org.apache.catalina.loader.WebappClassLoaderBase.checkThreadLocalMapForLeaks The web application [nhom3] created a ThreadLocal with key of type [com.microsoft.sqlserver.jdbc.ActivityCorrelator$1] (value [com.microsoft.sqlserver.jdbc.ActivityCorrelator$1@3bec5821]) and a value of type [com.microsoft.sqlserver.jdbc.ActivityId] (value [0bff08a8-823b-44b9-843e-e36d7ce34005-5]) but failed to remove it when the web application was stopped. Threads are going to be renewed over time to try and avoid a probable memory leak.
19-May-2023 17:18:22.212 SEVERE [main] org.apache.catalina.loader.WebappClassLoaderBase.checkThreadLocalMapForLeaks The web application [nhom3] created a ThreadLocal with key of type [com.microsoft.sqlserver.jdbc.ActivityCorrelator$1] (value [com.microsoft.sqlserver.jdbc.ActivityCorrelator$1@3bec5821]) and a value of type [com.microsoft.sqlserver.jdbc.ActivityId] (value [74ff8f3b-821f-4976-b111-b03744f7a830-2]) but failed to remove it when the web application was stopped. Threads are going to be renewed over time to try and avoid a probable memory leak.
19-May-2023 17:18:22.212 SEVERE [main] org.apache.catalina.loader.WebappClassLoaderBase.checkThreadLocalMapForLeaks The web application [nhom3] created a ThreadLocal with key of type [com.microsoft.sqlserver.jdbc.ActivityCorrelator$1] (value [com.microsoft.sqlserver.jdbc.ActivityCorrelator$1@3bec5821]) and a value of type [com.microsoft.sqlserver.jdbc.ActivityId] (value [2f224047-ffc9-42d1-947a-46b207900d9f-1]) but failed to remove it when the web application was stopped. Threads are going to be renewed over time to try and avoid a probable memory leak.
19-May-2023 17:18:22.219 INFO [main] org.apache.coyote.AbstractProtocol.stop Stopping ProtocolHandler ["http-nio-8080"]
19-May-2023 17:18:22.230 INFO [main] org.apache.coyote.AbstractProtocol.destroy Destroying ProtocolHandler ["http-nio-8080"]
19-May-2023 17:22:22.832 INFO [main] org.apache.catalina.startup.VersionLoggerListener.log Server version name:   Apache Tomcat/9.0.75
19-May-2023 17:22:22.835 INFO [main] org.apache.catalina.startup.VersionLoggerListener.log Server built:          May 4 2023 13:04:05 UTC
19-May-2023 17:22:22.835 INFO [main] org.apache.catalina.startup.VersionLoggerListener.log Server version number: 9.0.75.0
19-May-2023 17:22:22.835 INFO [main] org.apache.catalina.startup.VersionLoggerListener.log OS Name:               Linux
19-May-2023 17:22:22.835 INFO [main] org.apache.catalina.startup.VersionLoggerListener.log OS Version:            5.15.0-71-generic
19-May-2023 17:22:22.835 INFO [main] org.apache.catalina.startup.VersionLoggerListener.log Architecture:          amd64
19-May-2023 17:22:22.835 INFO [main] org.apache.catalina.startup.VersionLoggerListener.log Java Home:             /usr/lib/jvm/java-11-openjdk-amd64
19-May-2023 17:22:22.835 INFO [main] org.apache.catalina.startup.VersionLoggerListener.log JVM Version:           11.0.18+10-post-Ubuntu-0ubuntu120.04.1
19-May-2023 17:22:22.836 INFO [main] org.apache.catalina.startup.VersionLoggerListener.log JVM Vendor:            Ubuntu
19-May-2023 17:22:22.836 INFO [main] org.apache.catalina.startup.VersionLoggerListener.log CATALINA_BASE:         /home/anbvhe150476/Downloads/apache-tomcat-9.0.75
19-May-2023 17:22:22.836 INFO [main] org.apache.catalina.startup.VersionLoggerListener.log CATALINA_HOME:         /home/anbvhe150476/Downloads/apache-tomcat-9.0.75
19-May-2023 17:22:22.861 INFO [main] org.apache.catalina.startup.VersionLoggerListener.log Command line argument: --add-opens=java.base/java.lang=ALL-UNNAMED
19-May-2023 17:22:22.862 INFO [main] org.apache.catalina.startup.VersionLoggerListener.log Command line argument: --add-opens=java.base/java.io=ALL-UNNAMED
19-May-2023 17:22:22.862 INFO [main] org.apache.catalina.startup.VersionLoggerListener.log Command line argument: --add-opens=java.base/java.util=ALL-UNNAMED
19-May-2023 17:22:22.862 INFO [main] org.apache.catalina.startup.VersionLoggerListener.log Command line argument: --add-opens=java.base/java.util.concurrent=ALL-UNNAMED
19-May-2023 17:22:22.862 INFO [main] org.apache.catalina.startup.VersionLoggerListener.log Command line argument: --add-opens=java.rmi/sun.rmi.transport=ALL-UNNAMED
19-May-2023 17:22:22.862 INFO [main] org.apache.catalina.startup.VersionLoggerListener.log Command line argument: -Djava.util.logging.config.file=/home/anbvhe150476/Downloads/apache-tomcat-9.0.75/conf/logging.properties
19-May-2023 17:22:22.863 INFO [main] org.apache.catalina.startup.VersionLoggerListener.log Command line argument: -Djava.util.logging.manager=org.apache.juli.ClassLoaderLogManager
19-May-2023 17:22:22.863 INFO [main] org.apache.catalina.startup.VersionLoggerListener.log Command line argument: -Dhttp.nonProxyHosts=localhost|127.0.0.1|anbvhe150476
19-May-2023 17:22:22.863 INFO [main] org.apache.catalina.startup.VersionLoggerListener.log Command line argument: -Djdk.tls.ephemeralDHKeySize=2048
19-May-2023 17:22:22.863 INFO [main] org.apache.catalina.startup.VersionLoggerListener.log Command line argument: -Djava.protocol.handler.pkgs=org.apache.catalina.webresources
19-May-2023 17:22:22.864 INFO [main] org.apache.catalina.startup.VersionLoggerListener.log Command line argument: -Dorg.apache.catalina.security.SecurityListener.UMASK=0027
19-May-2023 17:22:22.864 INFO [main] org.apache.catalina.startup.VersionLoggerListener.log Command line argument: -Dignore.endorsed.dirs=
19-May-2023 17:22:22.864 INFO [main] org.apache.catalina.startup.VersionLoggerListener.log Command line argument: -Dcatalina.base=/home/anbvhe150476/Downloads/apache-tomcat-9.0.75
19-May-2023 17:22:22.864 INFO [main] org.apache.catalina.startup.VersionLoggerListener.log Command line argument: -Dcatalina.home=/home/anbvhe150476/Downloads/apache-tomcat-9.0.75
19-May-2023 17:22:22.864 INFO [main] org.apache.catalina.startup.VersionLoggerListener.log Command line argument: -Djava.io.tmpdir=/home/anbvhe150476/Downloads/apache-tomcat-9.0.75/temp
19-May-2023 17:22:22.873 INFO [main] org.apache.catalina.core.AprLifecycleListener.lifecycleEvent An older version [1.2.23] of the Apache Tomcat Native library is installed, while Tomcat recommends a minimum version of [1.2.30]
19-May-2023 17:22:22.873 INFO [main] org.apache.catalina.core.AprLifecycleListener.lifecycleEvent Loaded Apache Tomcat Native library [1.2.23] using APR version [1.6.5].
19-May-2023 17:22:22.873 INFO [main] org.apache.catalina.core.AprLifecycleListener.lifecycleEvent APR capabilities: IPv6 [true], sendfile [true], accept filters [false], random [true], UDS [false].
19-May-2023 17:22:22.873 INFO [main] org.apache.catalina.core.AprLifecycleListener.lifecycleEvent APR/OpenSSL configuration: useAprConnector [false], useOpenSSL [true]
19-May-2023 17:22:22.883 INFO [main] org.apache.catalina.core.AprLifecycleListener.initializeSSL OpenSSL successfully initialized [OpenSSL 1.1.1f  31 Mar 2020]
19-May-2023 17:22:23.279 INFO [main] org.apache.coyote.AbstractProtocol.init Initializing ProtocolHandler ["http-nio-8080"]
19-May-2023 17:22:23.308 INFO [main] org.apache.catalina.startup.Catalina.load Server initialization in [719] milliseconds
19-May-2023 17:22:23.395 INFO [main] org.apache.catalina.core.StandardService.startInternal Starting service [Catalina]
19-May-2023 17:22:23.395 INFO [main] org.apache.catalina.core.StandardEngine.startInternal Starting Servlet engine: [Apache Tomcat/9.0.75]
19-May-2023 17:22:23.403 INFO [main] org.apache.catalina.startup.HostConfig.deployDescriptor Deploying deployment descriptor [/home/anbvhe150476/Downloads/apache-tomcat-9.0.75/conf/Catalina/localhost/mavenproject1.xml]
19-May-2023 17:22:23.417 WARNING [main] org.apache.catalina.startup.HostConfig.deployDescriptor The path attribute with value [/mavenproject1] in deployment descriptor [/home/anbvhe150476/Downloads/apache-tomcat-9.0.75/conf/Catalina/localhost/mavenproject1.xml] has been ignored
19-May-2023 17:22:23.443 SEVERE [main] org.apache.catalina.startup.HostConfig.deployDescriptor Error deploying deployment descriptor [/home/anbvhe150476/Downloads/apache-tomcat-9.0.75/conf/Catalina/localhost/mavenproject1.xml]
	java.lang.IllegalStateException: Error starting child
		at org.apache.catalina.core.ContainerBase.addChildInternal(ContainerBase.java:686)
		at org.apache.catalina.core.ContainerBase.addChild(ContainerBase.java:658)
		at org.apache.catalina.core.StandardHost.addChild(StandardHost.java:662)
		at org.apache.catalina.startup.HostConfig.deployDescriptor(HostConfig.java:689)
		at org.apache.catalina.startup.HostConfig$DeployDescriptor.run(HostConfig.java:1888)
		at java.base/java.util.concurrent.Executors$RunnableAdapter.call(Executors.java:515)
		at java.base/java.util.concurrent.FutureTask.run(FutureTask.java:264)
		at org.apache.tomcat.util.threads.InlineExecutorService.execute(InlineExecutorService.java:75)
		at java.base/java.util.concurrent.AbstractExecutorService.submit(AbstractExecutorService.java:118)
		at org.apache.catalina.startup.HostConfig.deployDescriptors(HostConfig.java:582)
		at org.apache.catalina.startup.HostConfig.deployApps(HostConfig.java:472)
		at org.apache.catalina.startup.HostConfig.start(HostConfig.java:1617)
		at org.apache.catalina.startup.HostConfig.lifecycleEvent(HostConfig.java:318)
		at org.apache.catalina.util.LifecycleBase.fireLifecycleEvent(LifecycleBase.java:123)
		at org.apache.catalina.util.LifecycleBase.setStateInternal(LifecycleBase.java:423)
		at org.apache.catalina.util.LifecycleBase.setState(LifecycleBase.java:366)
		at org.apache.catalina.core.ContainerBase.startInternal(ContainerBase.java:898)
		at org.apache.catalina.core.StandardHost.startInternal(StandardHost.java:795)
		at org.apache.catalina.util.LifecycleBase.start(LifecycleBase.java:183)
		at org.apache.catalina.core.ContainerBase$StartChild.call(ContainerBase.java:1332)
		at org.apache.catalina.core.ContainerBase$StartChild.call(ContainerBase.java:1322)
		at java.base/java.util.concurrent.FutureTask.run(FutureTask.java:264)
		at org.apache.tomcat.util.threads.InlineExecutorService.execute(InlineExecutorService.java:75)
		at java.base/java.util.concurrent.AbstractExecutorService.submit(AbstractExecutorService.java:140)
		at org.apache.catalina.core.ContainerBase.startInternal(ContainerBase.java:871)
		at org.apache.catalina.core.StandardEngine.startInternal(StandardEngine.java:249)
		at org.apache.catalina.util.LifecycleBase.start(LifecycleBase.java:183)
		at org.apache.catalina.core.StandardService.startInternal(StandardService.java:428)
		at org.apache.catalina.util.LifecycleBase.start(LifecycleBase.java:183)
		at org.apache.catalina.core.StandardServer.startInternal(StandardServer.java:914)
		at org.apache.catalina.util.LifecycleBase.start(LifecycleBase.java:183)
		at org.apache.catalina.startup.Catalina.start(Catalina.java:772)
		at java.base/jdk.internal.reflect.NativeMethodAccessorImpl.invoke0(Native Method)
		at java.base/jdk.internal.reflect.NativeMethodAccessorImpl.invoke(NativeMethodAccessorImpl.java:62)
		at java.base/jdk.internal.reflect.DelegatingMethodAccessorImpl.invoke(DelegatingMethodAccessorImpl.java:43)
		at java.base/java.lang.reflect.Method.invoke(Method.java:566)
		at org.apache.catalina.startup.Bootstrap.start(Bootstrap.java:347)
		at org.apache.catalina.startup.Bootstrap.main(Bootstrap.java:478)
	Caused by: org.apache.catalina.LifecycleException: Failed to start component [org.apache.catalina.webresources.StandardRoot@77659b30]
		at org.apache.catalina.util.LifecycleBase.handleSubClassException(LifecycleBase.java:440)
		at org.apache.catalina.util.LifecycleBase.start(LifecycleBase.java:198)
		at org.apache.catalina.core.StandardContext.resourcesStart(StandardContext.java:4607)
		at org.apache.catalina.core.StandardContext.startInternal(StandardContext.java:4740)
		at org.apache.catalina.util.LifecycleBase.start(LifecycleBase.java:183)
		at org.apache.catalina.core.ContainerBase.addChildInternal(ContainerBase.java:683)
		... 37 more
	Caused by: java.lang.IllegalArgumentException: The main resource set specified [/home/anbvhe150476/NetBeansProjects/mavenproject1/target/mavenproject1-1.0-SNAPSHOT] is not a directory or war file, or is not readable (it does not exist or permissions to access it are missing)
		at org.apache.catalina.webresources.StandardRoot.createMainResourceSet(StandardRoot.java:749)
		at org.apache.catalina.webresources.StandardRoot.startInternal(StandardRoot.java:707)
		at org.apache.catalina.util.LifecycleBase.start(LifecycleBase.java:183)
		... 41 more
19-May-2023 17:22:23.447 INFO [main] org.apache.catalina.startup.HostConfig.deployDescriptor Deployment of deployment descriptor [/home/anbvhe150476/Downloads/apache-tomcat-9.0.75/conf/Catalina/localhost/mavenproject1.xml] has finished in [42] ms
19-May-2023 17:22:23.447 INFO [main] org.apache.catalina.startup.HostConfig.deployDescriptor Deploying deployment descriptor [/home/anbvhe150476/Downloads/apache-tomcat-9.0.75/conf/Catalina/localhost/nhom3.xml]
19-May-2023 17:22:23.448 WARNING [main] org.apache.catalina.startup.HostConfig.deployDescriptor The path attribute with value [/nhom3] in deployment descriptor [/home/anbvhe150476/Downloads/apache-tomcat-9.0.75/conf/Catalina/localhost/nhom3.xml] has been ignored
19-May-2023 17:22:24.109 INFO [main] org.apache.jasper.servlet.TldScanner.scanJars At least one JAR was scanned for TLDs yet contained no TLDs. Enable debug logging for this logger for a complete list of JARs that were scanned but no TLDs were found in them. Skipping unneeded JARs during scanning can improve startup time and JSP compilation time.
19-May-2023 17:22:24.168 INFO [main] org.apache.catalina.startup.HostConfig.deployDescriptor Deployment of deployment descriptor [/home/anbvhe150476/Downloads/apache-tomcat-9.0.75/conf/Catalina/localhost/nhom3.xml] has finished in [721] ms
19-May-2023 17:22:24.168 INFO [main] org.apache.catalina.startup.HostConfig.deployDescriptor Deploying deployment descriptor [/home/anbvhe150476/Downloads/apache-tomcat-9.0.75/conf/Catalina/localhost/PRJ301_3W.xml]
19-May-2023 17:22:24.170 WARNING [main] org.apache.catalina.startup.HostConfig.deployDescriptor The path attribute with value [/PRJ301_3W] in deployment descriptor [/home/anbvhe150476/Downloads/apache-tomcat-9.0.75/conf/Catalina/localhost/PRJ301_3W.xml] has been ignored
19-May-2023 17:22:24.549 INFO [main] org.apache.jasper.servlet.TldScanner.scanJars At least one JAR was scanned for TLDs yet contained no TLDs. Enable debug logging for this logger for a complete list of JARs that were scanned but no TLDs were found in them. Skipping unneeded JARs during scanning can improve startup time and JSP compilation time.
19-May-2023 17:22:24.617 INFO [main] org.apache.catalina.startup.HostConfig.deployDescriptor Deployment of deployment descriptor [/home/anbvhe150476/Downloads/apache-tomcat-9.0.75/conf/Catalina/localhost/PRJ301_3W.xml] has finished in [449] ms
19-May-2023 17:22:24.618 INFO [main] org.apache.catalina.startup.HostConfig.deployDirectory Deploying web application directory [/home/anbvhe150476/Downloads/apache-tomcat-9.0.75/webapps/examples]
19-May-2023 17:22:24.828 INFO [main] org.apache.catalina.startup.HostConfig.deployDirectory Deployment of web application directory [/home/anbvhe150476/Downloads/apache-tomcat-9.0.75/webapps/examples] has finished in [210] ms
19-May-2023 17:22:24.829 INFO [main] org.apache.catalina.startup.HostConfig.deployDirectory Deploying web application directory [/home/anbvhe150476/Downloads/apache-tomcat-9.0.75/webapps/manager]
19-May-2023 17:22:24.854 INFO [main] org.apache.catalina.startup.HostConfig.deployDirectory Deployment of web application directory [/home/anbvhe150476/Downloads/apache-tomcat-9.0.75/webapps/manager] has finished in [26] ms
19-May-2023 17:22:24.854 INFO [main] org.apache.catalina.startup.HostConfig.deployDirectory Deploying web application directory [/home/anbvhe150476/Downloads/apache-tomcat-9.0.75/webapps/docs]
19-May-2023 17:22:24.871 INFO [main] org.apache.catalina.startup.HostConfig.deployDirectory Deployment of web application directory [/home/anbvhe150476/Downloads/apache-tomcat-9.0.75/webapps/docs] has finished in [16] ms
19-May-2023 17:22:24.871 INFO [main] org.apache.catalina.startup.HostConfig.deployDirectory Deploying web application directory [/home/anbvhe150476/Downloads/apache-tomcat-9.0.75/webapps/host-manager]
19-May-2023 17:22:24.895 INFO [main] org.apache.catalina.startup.HostConfig.deployDirectory Deployment of web application directory [/home/anbvhe150476/Downloads/apache-tomcat-9.0.75/webapps/host-manager] has finished in [24] ms
19-May-2023 17:22:24.910 INFO [main] org.apache.coyote.AbstractProtocol.start Starting ProtocolHandler ["http-nio-8080"]
19-May-2023 17:22:24.940 INFO [main] org.apache.catalina.startup.Catalina.start Server startup in [1632] milliseconds
19-May-2023 17:22:25.650 INFO [http-nio-8080-exec-8] org.apache.catalina.startup.HostConfig.undeploy Undeploying context [/nhom3]
19-May-2023 17:22:25.710 INFO [http-nio-8080-exec-3] org.apache.catalina.startup.HostConfig.deployDescriptor Deploying deployment descriptor [/home/anbvhe150476/Downloads/apache-tomcat-9.0.75/conf/Catalina/localhost/team3.xml]
19-May-2023 17:22:25.712 WARNING [http-nio-8080-exec-3] org.apache.catalina.startup.HostConfig.deployDescriptor The path attribute with value [/team3] in deployment descriptor [/home/anbvhe150476/Downloads/apache-tomcat-9.0.75/conf/Catalina/localhost/team3.xml] has been ignored
19-May-2023 17:22:25.922 INFO [http-nio-8080-exec-3] org.apache.jasper.servlet.TldScanner.scanJars At least one JAR was scanned for TLDs yet contained no TLDs. Enable debug logging for this logger for a complete list of JARs that were scanned but no TLDs were found in them. Skipping unneeded JARs during scanning can improve startup time and JSP compilation time.
19-May-2023 17:22:25.930 INFO [http-nio-8080-exec-3] org.apache.catalina.startup.HostConfig.deployDescriptor Deployment of deployment descriptor [/home/anbvhe150476/Downloads/apache-tomcat-9.0.75/conf/Catalina/localhost/team3.xml] has finished in [220] ms
19-May-2023 17:22:25.937 INFO [http-nio-8080-exec-1] org.apache.catalina.util.LifecycleBase.start The start() method was called on component [StandardEngine[Catalina].StandardHost[localhost].StandardContext[/team3]] after start() had already been called. The second call will be ignored.
19-May-2023 17:22:38.262 INFO [main] org.apache.catalina.core.StandardServer.await A valid shutdown command was received via the shutdown port. Stopping the Server instance.
19-May-2023 17:22:38.262 INFO [main] org.apache.coyote.AbstractProtocol.pause Pausing ProtocolHandler ["http-nio-8080"]
19-May-2023 17:22:38.263 INFO [main] org.apache.catalina.core.StandardService.stopInternal Stopping service [Catalina]
19-May-2023 17:22:38.276 WARNING [main] org.apache.catalina.loader.WebappClassLoaderBase.clearReferencesJdbc The web application [team3] registered the JDBC driver [com.microsoft.sqlserver.jdbc.SQLServerDriver] but failed to unregister it when the web application was stopped. To prevent a memory leak, the JDBC Driver has been forcibly unregistered.
19-May-2023 17:22:38.293 INFO [main] org.apache.coyote.AbstractProtocol.stop Stopping ProtocolHandler ["http-nio-8080"]
19-May-2023 17:22:38.302 INFO [main] org.apache.coyote.AbstractProtocol.destroy Destroying ProtocolHandler ["http-nio-8080"]
